This is pdfTeX, Version 3.14159265-2.6-1.40.18 (MiKTeX 2.9.6300 64-bit) (preloaded format=pdflatex 2018.2.15)  26 FEB 2018 19:41
entering extended mode
**./main.tex
(main.tex
LaTeX2e <2017-04-15>
Babel <3.9t> and hyphenation patterns for 75 language(s) loaded.
("C:\Program Files\MiKTeX 2.9\tex\latex\beamer\beamer.cls"
Document Class: beamer 2018/01/27 v3.49 A class for typesetting presentations
("C:\Program Files\MiKTeX 2.9\tex\latex\beamer\beamerbasemodes.sty"
("C:\Program Files\MiKTeX 2.9\tex\latex\etoolbox\etoolbox.sty"
Package: etoolbox 2018/02/11 v2.5e e-TeX tools for LaTeX (JAW)
\etb@tempcnta=\count79
)
\beamer@tempbox=\box26
\beamer@tempcount=\count80
\c@beamerpauses=\count81

("C:\Program Files\MiKTeX 2.9\tex\latex\beamer\beamerbasedecode.sty"
\beamer@slideinframe=\count82
\beamer@minimum=\count83
)
\beamer@commentbox=\box27
\beamer@modecount=\count84
)
("C:\Program Files\MiKTeX 2.9\tex\generic\oberdiek\ifpdf.sty"
Package: ifpdf 2017/03/15 v3.2 Provides the ifpdf switch
)
\headdp=\dimen102
\footheight=\dimen103
\sidebarheight=\dimen104
\beamer@tempdim=\dimen105
\beamer@finalheight=\dimen106
\beamer@animht=\dimen107
\beamer@animdp=\dimen108
\beamer@animwd=\dimen109
\beamer@leftmargin=\dimen110
\beamer@rightmargin=\dimen111
\beamer@leftsidebar=\dimen112
\beamer@rightsidebar=\dimen113
\beamer@boxsize=\dimen114
\beamer@vboxoffset=\dimen115
\beamer@descdefault=\dimen116
\beamer@descriptionwidth=\dimen117
\beamer@lastskip=\skip41
\beamer@areabox=\box28
\beamer@animcurrent=\box29
\beamer@animshowbox=\box30
\beamer@sectionbox=\box31
\beamer@logobox=\box32
\beamer@linebox=\box33
\beamer@sectioncount=\count85
\beamer@subsubsectionmax=\count86
\beamer@subsectionmax=\count87
\beamer@sectionmax=\count88
\beamer@totalheads=\count89
\beamer@headcounter=\count90
\beamer@partstartpage=\count91
\beamer@sectionstartpage=\count92
\beamer@subsectionstartpage=\count93
\beamer@animationtempa=\count94
\beamer@animationtempb=\count95
\beamer@xpos=\count96
\beamer@ypos=\count97
\beamer@ypos@offset=\count98
\beamer@showpartnumber=\count99
\beamer@currentsubsection=\count100
\beamer@coveringdepth=\count101
\beamer@sectionadjust=\count102
\beamer@tocsectionnumber=\count103

("C:\Program Files\MiKTeX 2.9\tex\latex\beamer\beamerbaseoptions.sty"
("C:\Program Files\MiKTeX 2.9\tex\latex\graphics\keyval.sty"
Package: keyval 2014/10/28 v1.15 key=value parser (DPC)
\KV@toks@=\toks14
))
\beamer@paperwidth=\skip42
\beamer@paperheight=\skip43

("C:\Program Files\MiKTeX 2.9\tex\latex\geometry\geometry.sty"
Package: geometry 2010/09/12 v5.6 Page Geometry

("C:\Program Files\MiKTeX 2.9\tex\generic\oberdiek\ifvtex.sty"
Package: ifvtex 2016/05/16 v1.6 Detect VTeX and its facilities (HO)
Package ifvtex Info: VTeX not detected.
)
("C:\Program Files\MiKTeX 2.9\tex\generic\ifxetex\ifxetex.sty"
Package: ifxetex 2010/09/12 v0.6 Provides ifxetex conditional
)
\Gm@cnth=\count104
\Gm@cntv=\count105
\c@Gm@tempcnt=\count106
\Gm@bindingoffset=\dimen118
\Gm@wd@mp=\dimen119
\Gm@odd@mp=\dimen120
\Gm@even@mp=\dimen121
\Gm@layoutwidth=\dimen122
\Gm@layoutheight=\dimen123
\Gm@layouthoffset=\dimen124
\Gm@layoutvoffset=\dimen125
\Gm@dimlist=\toks15

("C:\Program Files\MiKTeX 2.9\tex\latex\geometry\geometry.cfg"))
("C:\Program Files\MiKTeX 2.9\tex\latex\base\size11.clo"
File: size11.clo 2014/09/29 v1.4h Standard LaTeX file (size option)
)
(C:\Users\Andrea\AppData\Roaming\MiKTeX\2.9\tex\latex\pgf\basiclayer\pgfcore.st
y ("C:\Program Files\MiKTeX 2.9\tex\latex\graphics\graphicx.sty"
Package: graphicx 2014/10/28 v1.0g Enhanced LaTeX Graphics (DPC,SPQR)

("C:\Program Files\MiKTeX 2.9\tex\latex\graphics\graphics.sty"
Package: graphics 2017/04/14 v1.1b Standard LaTeX Graphics (DPC,SPQR)

("C:\Program Files\MiKTeX 2.9\tex\latex\graphics\trig.sty"
Package: trig 2016/01/03 v1.10 sin cos tan (DPC)
)
("C:\Program Files\MiKTeX 2.9\tex\latex\graphics-cfg\graphics.cfg"
File: graphics.cfg 2016/06/04 v1.11 sample graphics configuration
)
Package graphics Info: Driver file: pdftex.def on input line 99.

("C:\Program Files\MiKTeX 2.9\tex\latex\graphics-def\pdftex.def"
File: pdftex.def 2017/01/12 v0.06k Graphics/color for pdfTeX

("C:\Program Files\MiKTeX 2.9\tex\generic\oberdiek\infwarerr.sty"
Package: infwarerr 2016/05/16 v1.4 Providing info/warning/error messages (HO)
)
("C:\Program Files\MiKTeX 2.9\tex\generic\oberdiek\ltxcmds.sty"
Package: ltxcmds 2016/05/16 v1.23 LaTeX kernel commands for general use (HO)
)
\Gread@gobject=\count107
))
\Gin@req@height=\dimen126
\Gin@req@width=\dimen127
)
(C:\Users\Andrea\AppData\Roaming\MiKTeX\2.9\tex\latex\pgf\systemlayer\pgfsys.st
y
(C:\Users\Andrea\AppData\Roaming\MiKTeX\2.9\tex\latex\pgf\utilities\pgfrcs.sty
(C:\Users\Andrea\AppData\Roaming\MiKTeX\2.9\tex\generic\pgf\utilities\pgfutil-c
ommon.tex
\pgfutil@everybye=\toks16
\pgfutil@tempdima=\dimen128
\pgfutil@tempdimb=\dimen129

(C:\Users\Andrea\AppData\Roaming\MiKTeX\2.9\tex\generic\pgf\utilities\pgfutil-c
ommon-lists.tex))
(C:\Users\Andrea\AppData\Roaming\MiKTeX\2.9\tex\generic\pgf\utilities\pgfutil-l
atex.def
\pgfutil@abb=\box34
 (C:\Users\Andrea\AppData\Roaming\MiKTeX\2.9\tex\latex\ms\everyshi.sty
Package: everyshi 2001/05/15 v3.00 EveryShipout Package (MS)
))
(C:\Users\Andrea\AppData\Roaming\MiKTeX\2.9\tex\generic\pgf\utilities\pgfrcs.co
de.tex
Package: pgfrcs 2015/08/07 v3.0.1a (rcs-revision 1.31)
))
(C:\Users\Andrea\AppData\Roaming\MiKTeX\2.9\tex\generic\pgf\systemlayer\pgfsys.
code.tex
Package: pgfsys 2014/07/09 v3.0.1a (rcs-revision 1.48)

(C:\Users\Andrea\AppData\Roaming\MiKTeX\2.9\tex\generic\pgf\utilities\pgfkeys.c
ode.tex
\pgfkeys@pathtoks=\toks17
\pgfkeys@temptoks=\toks18

(C:\Users\Andrea\AppData\Roaming\MiKTeX\2.9\tex\generic\pgf\utilities\pgfkeysfi
ltered.code.tex
\pgfkeys@tmptoks=\toks19
))
\pgf@x=\dimen130
\pgf@y=\dimen131
\pgf@xa=\dimen132
\pgf@ya=\dimen133
\pgf@xb=\dimen134
\pgf@yb=\dimen135
\pgf@xc=\dimen136
\pgf@yc=\dimen137
\w@pgf@writea=\write3
\r@pgf@reada=\read1
\c@pgf@counta=\count108
\c@pgf@countb=\count109
\c@pgf@countc=\count110
\c@pgf@countd=\count111
\t@pgf@toka=\toks20
\t@pgf@tokb=\toks21
\t@pgf@tokc=\toks22

(C:\Users\Andrea\AppData\Roaming\MiKTeX\2.9\tex\generic\pgf\systemlayer\pgf.cfg
File: pgf.cfg 2008/05/14  (rcs-revision 1.7)
)
Driver file for pgf: pgfsys-pdftex.def

(C:\Users\Andrea\AppData\Roaming\MiKTeX\2.9\tex\generic\pgf\systemlayer\pgfsys-
pdftex.def
File: pgfsys-pdftex.def 2014/10/11  (rcs-revision 1.35)

(C:\Users\Andrea\AppData\Roaming\MiKTeX\2.9\tex\generic\pgf\systemlayer\pgfsys-
common-pdf.def
File: pgfsys-common-pdf.def 2013/10/10  (rcs-revision 1.13)
)))
(C:\Users\Andrea\AppData\Roaming\MiKTeX\2.9\tex\generic\pgf\systemlayer\pgfsyss
oftpath.code.tex
File: pgfsyssoftpath.code.tex 2013/09/09  (rcs-revision 1.9)
\pgfsyssoftpath@smallbuffer@items=\count112
\pgfsyssoftpath@bigbuffer@items=\count113
)
(C:\Users\Andrea\AppData\Roaming\MiKTeX\2.9\tex\generic\pgf\systemlayer\pgfsysp
rotocol.code.tex
File: pgfsysprotocol.code.tex 2006/10/16  (rcs-revision 1.4)
))
(C:\Users\Andrea\AppData\Roaming\MiKTeX\2.9\tex\latex\xcolor\xcolor.sty
Package: xcolor 2016/05/11 v2.12 LaTeX color extensions (UK)

("C:\Program Files\MiKTeX 2.9\tex\latex\graphics-cfg\color.cfg"
File: color.cfg 2016/01/02 v1.6 sample color configuration
)
Package xcolor Info: Driver file: pdftex.def on input line 225.
Package xcolor Info: Model `cmy' substituted by `cmy0' on input line 1348.
Package xcolor Info: Model `hsb' substituted by `rgb' on input line 1352.
Package xcolor Info: Model `RGB' extended on input line 1364.
Package xcolor Info: Model `HTML' substituted by `rgb' on input line 1366.
Package xcolor Info: Model `Hsb' substituted by `hsb' on input line 1367.
Package xcolor Info: Model `tHsb' substituted by `hsb' on input line 1368.
Package xcolor Info: Model `HSB' substituted by `hsb' on input line 1369.
Package xcolor Info: Model `Gray' substituted by `gray' on input line 1370.
Package xcolor Info: Model `wave' substituted by `hsb' on input line 1371.
)
(C:\Users\Andrea\AppData\Roaming\MiKTeX\2.9\tex\generic\pgf\basiclayer\pgfcore.
code.tex
Package: pgfcore 2010/04/11 v3.0.1a (rcs-revision 1.7)

(C:\Users\Andrea\AppData\Roaming\MiKTeX\2.9\tex\generic\pgf\math\pgfmath.code.t
ex
(C:\Users\Andrea\AppData\Roaming\MiKTeX\2.9\tex\generic\pgf\math\pgfmathcalc.co
de.tex
(C:\Users\Andrea\AppData\Roaming\MiKTeX\2.9\tex\generic\pgf\math\pgfmathutil.co
de.tex)
(C:\Users\Andrea\AppData\Roaming\MiKTeX\2.9\tex\generic\pgf\math\pgfmathparser.
code.tex
\pgfmath@dimen=\dimen138
\pgfmath@count=\count114
\pgfmath@box=\box35
\pgfmath@toks=\toks23
\pgfmath@stack@operand=\toks24
\pgfmath@stack@operation=\toks25
)
(C:\Users\Andrea\AppData\Roaming\MiKTeX\2.9\tex\generic\pgf\math\pgfmathfunctio
ns.code.tex
(C:\Users\Andrea\AppData\Roaming\MiKTeX\2.9\tex\generic\pgf\math\pgfmathfunctio
ns.basic.code.tex)
(C:\Users\Andrea\AppData\Roaming\MiKTeX\2.9\tex\generic\pgf\math\pgfmathfunctio
ns.trigonometric.code.tex)
(C:\Users\Andrea\AppData\Roaming\MiKTeX\2.9\tex\generic\pgf\math\pgfmathfunctio
ns.random.code.tex)
(C:\Users\Andrea\AppData\Roaming\MiKTeX\2.9\tex\generic\pgf\math\pgfmathfunctio
ns.comparison.code.tex)
(C:\Users\Andrea\AppData\Roaming\MiKTeX\2.9\tex\generic\pgf\math\pgfmathfunctio
ns.base.code.tex)
(C:\Users\Andrea\AppData\Roaming\MiKTeX\2.9\tex\generic\pgf\math\pgfmathfunctio
ns.round.code.tex)
(C:\Users\Andrea\AppData\Roaming\MiKTeX\2.9\tex\generic\pgf\math\pgfmathfunctio
ns.misc.code.tex)
(C:\Users\Andrea\AppData\Roaming\MiKTeX\2.9\tex\generic\pgf\math\pgfmathfunctio
ns.integerarithmetics.code.tex)))
(C:\Users\Andrea\AppData\Roaming\MiKTeX\2.9\tex\generic\pgf\math\pgfmathfloat.c
ode.tex
\c@pgfmathroundto@lastzeros=\count115
))
(C:\Users\Andrea\AppData\Roaming\MiKTeX\2.9\tex\generic\pgf\basiclayer\pgfcorep
oints.code.tex
File: pgfcorepoints.code.tex 2013/10/07  (rcs-revision 1.27)
\pgf@picminx=\dimen139
\pgf@picmaxx=\dimen140
\pgf@picminy=\dimen141
\pgf@picmaxy=\dimen142
\pgf@pathminx=\dimen143
\pgf@pathmaxx=\dimen144
\pgf@pathminy=\dimen145
\pgf@pathmaxy=\dimen146
\pgf@xx=\dimen147
\pgf@xy=\dimen148
\pgf@yx=\dimen149
\pgf@yy=\dimen150
\pgf@zx=\dimen151
\pgf@zy=\dimen152
)
(C:\Users\Andrea\AppData\Roaming\MiKTeX\2.9\tex\generic\pgf\basiclayer\pgfcorep
athconstruct.code.tex
File: pgfcorepathconstruct.code.tex 2013/10/07  (rcs-revision 1.29)
\pgf@path@lastx=\dimen153
\pgf@path@lasty=\dimen154
)
(C:\Users\Andrea\AppData\Roaming\MiKTeX\2.9\tex\generic\pgf\basiclayer\pgfcorep
athusage.code.tex
File: pgfcorepathusage.code.tex 2014/11/02  (rcs-revision 1.24)
\pgf@shorten@end@additional=\dimen155
\pgf@shorten@start@additional=\dimen156
)
(C:\Users\Andrea\AppData\Roaming\MiKTeX\2.9\tex\generic\pgf\basiclayer\pgfcores
copes.code.tex
File: pgfcorescopes.code.tex 2015/05/08  (rcs-revision 1.46)
\pgfpic=\box36
\pgf@hbox=\box37
\pgf@layerbox@main=\box38
\pgf@picture@serial@count=\count116
)
(C:\Users\Andrea\AppData\Roaming\MiKTeX\2.9\tex\generic\pgf\basiclayer\pgfcoreg
raphicstate.code.tex
File: pgfcoregraphicstate.code.tex 2014/11/02  (rcs-revision 1.12)
\pgflinewidth=\dimen157
)
(C:\Users\Andrea\AppData\Roaming\MiKTeX\2.9\tex\generic\pgf\basiclayer\pgfcoret
ransformations.code.tex
File: pgfcoretransformations.code.tex 2015/08/07  (rcs-revision 1.20)
\pgf@pt@x=\dimen158
\pgf@pt@y=\dimen159
\pgf@pt@temp=\dimen160
)
(C:\Users\Andrea\AppData\Roaming\MiKTeX\2.9\tex\generic\pgf\basiclayer\pgfcoreq
uick.code.tex
File: pgfcorequick.code.tex 2008/10/09  (rcs-revision 1.3)
)
(C:\Users\Andrea\AppData\Roaming\MiKTeX\2.9\tex\generic\pgf\basiclayer\pgfcoreo
bjects.code.tex
File: pgfcoreobjects.code.tex 2006/10/11  (rcs-revision 1.2)
)
(C:\Users\Andrea\AppData\Roaming\MiKTeX\2.9\tex\generic\pgf\basiclayer\pgfcorep
athprocessing.code.tex
File: pgfcorepathprocessing.code.tex 2013/09/09  (rcs-revision 1.9)
)
(C:\Users\Andrea\AppData\Roaming\MiKTeX\2.9\tex\generic\pgf\basiclayer\pgfcorea
rrows.code.tex
File: pgfcorearrows.code.tex 2015/05/14  (rcs-revision 1.43)
\pgfarrowsep=\dimen161
)
(C:\Users\Andrea\AppData\Roaming\MiKTeX\2.9\tex\generic\pgf\basiclayer\pgfcores
hade.code.tex
File: pgfcoreshade.code.tex 2013/07/15  (rcs-revision 1.15)
\pgf@max=\dimen162
\pgf@sys@shading@range@num=\count117
)
(C:\Users\Andrea\AppData\Roaming\MiKTeX\2.9\tex\generic\pgf\basiclayer\pgfcorei
mage.code.tex
File: pgfcoreimage.code.tex 2013/07/15  (rcs-revision 1.18)

(C:\Users\Andrea\AppData\Roaming\MiKTeX\2.9\tex\generic\pgf\basiclayer\pgfcoree
xternal.code.tex
File: pgfcoreexternal.code.tex 2014/07/09  (rcs-revision 1.21)
\pgfexternal@startupbox=\box39
))
(C:\Users\Andrea\AppData\Roaming\MiKTeX\2.9\tex\generic\pgf\basiclayer\pgfcorel
ayers.code.tex
File: pgfcorelayers.code.tex 2013/07/18  (rcs-revision 1.7)
)
(C:\Users\Andrea\AppData\Roaming\MiKTeX\2.9\tex\generic\pgf\basiclayer\pgfcoret
ransparency.code.tex
File: pgfcoretransparency.code.tex 2013/09/30  (rcs-revision 1.5)
)
(C:\Users\Andrea\AppData\Roaming\MiKTeX\2.9\tex\generic\pgf\basiclayer\pgfcorep
atterns.code.tex
File: pgfcorepatterns.code.tex 2013/11/07  (rcs-revision 1.5)
)))
(C:\Users\Andrea\AppData\Roaming\MiKTeX\2.9\tex\latex\pgf\utilities\xxcolor.sty
Package: xxcolor 2003/10/24 ver 0.1
\XC@nummixins=\count118
\XC@countmixins=\count119
) ("C:\Program Files\MiKTeX 2.9\tex\generic\oberdiek\atbegshi.sty"
Package: atbegshi 2016/06/09 v1.18 At begin shipout hook (HO)
)
("C:\Program Files\MiKTeX 2.9\tex\latex\hyperref\hyperref.sty"
Package: hyperref 2017/03/14 v6.85a Hypertext links for LaTeX

("C:\Program Files\MiKTeX 2.9\tex\generic\oberdiek\hobsub-hyperref.sty"
Package: hobsub-hyperref 2016/05/16 v1.14 Bundle oberdiek, subset hyperref (HO)


("C:\Program Files\MiKTeX 2.9\tex\generic\oberdiek\hobsub-generic.sty"
Package: hobsub-generic 2016/05/16 v1.14 Bundle oberdiek, subset generic (HO)
Package: hobsub 2016/05/16 v1.14 Construct package bundles (HO)
Package hobsub Info: Skipping package `infwarerr' (already loaded).
Package hobsub Info: Skipping package `ltxcmds' (already loaded).
Package: ifluatex 2016/05/16 v1.4 Provides the ifluatex switch (HO)
Package ifluatex Info: LuaTeX not detected.
Package hobsub Info: Skipping package `ifvtex' (already loaded).
Package: intcalc 2016/05/16 v1.2 Expandable calculations with integers (HO)
Package hobsub Info: Skipping package `ifpdf' (already loaded).
Package: etexcmds 2016/05/16 v1.6 Avoid name clashes with e-TeX commands (HO)
Package etexcmds Info: Could not find \expanded.
(etexcmds)             That can mean that you are not using pdfTeX 1.50 or
(etexcmds)             that some package has redefined \expanded.
(etexcmds)             In the latter case, load this package earlier.
Package: kvsetkeys 2016/05/16 v1.17 Key value parser (HO)
Package: kvdefinekeys 2016/05/16 v1.4 Define keys (HO)
Package: pdftexcmds 2017/03/19 v0.25 Utility functions of pdfTeX for LuaTeX (HO
)
Package pdftexcmds Info: LuaTeX not detected.
Package pdftexcmds Info: \pdf@primitive is available.
Package pdftexcmds Info: \pdf@ifprimitive is available.
Package pdftexcmds Info: \pdfdraftmode found.
Package: pdfescape 2016/05/16 v1.14 Implements pdfTeX's escape features (HO)
Package: bigintcalc 2016/05/16 v1.4 Expandable calculations on big integers (HO
)
Package: bitset 2016/05/16 v1.2 Handle bit-vector datatype (HO)
Package: uniquecounter 2016/05/16 v1.3 Provide unlimited unique counter (HO)
)
Package hobsub Info: Skipping package `hobsub' (already loaded).
Package: letltxmacro 2016/05/16 v1.5 Let assignment for LaTeX macros (HO)
Package: hopatch 2016/05/16 v1.3 Wrapper for package hooks (HO)
Package: xcolor-patch 2016/05/16 xcolor patch
Package: atveryend 2016/05/16 v1.9 Hooks at the very end of document (HO)
Package hobsub Info: Skipping package `atbegshi' (already loaded).
Package: refcount 2016/05/16 v3.5 Data extraction from label references (HO)
Package: hycolor 2016/05/16 v1.8 Color options for hyperref/bookmark (HO)
)
("C:\Program Files\MiKTeX 2.9\tex\latex\oberdiek\auxhook.sty"
Package: auxhook 2016/05/16 v1.4 Hooks for auxiliary files (HO)
)
("C:\Program Files\MiKTeX 2.9\tex\latex\oberdiek\kvoptions.sty"
Package: kvoptions 2016/05/16 v3.12 Key value format for package options (HO)
)
\@linkdim=\dimen163
\Hy@linkcounter=\count120
\Hy@pagecounter=\count121

("C:\Program Files\MiKTeX 2.9\tex\latex\hyperref\pd1enc.def"
File: pd1enc.def 2017/03/14 v6.85a Hyperref: PDFDocEncoding definition (HO)
)
\Hy@SavedSpaceFactor=\count122

("C:\Program Files\MiKTeX 2.9\tex\latex\00miktex\hyperref.cfg"
File: hyperref.cfg 2002/06/06 v1.2 hyperref configuration of TeXLive
)
Package hyperref Info: Option `bookmarks' set `true' on input line 4374.
Package hyperref Info: Option `bookmarksopen' set `true' on input line 4374.
Package hyperref Info: Option `implicit' set `false' on input line 4374.
Package hyperref Info: Hyper figures OFF on input line 4498.
Package hyperref Info: Link nesting OFF on input line 4503.
Package hyperref Info: Hyper index ON on input line 4506.
Package hyperref Info: Plain pages OFF on input line 4513.
Package hyperref Info: Backreferencing OFF on input line 4518.
Package hyperref Info: Implicit mode OFF; no redefinition of LaTeX internals.
Package hyperref Info: Bookmarks ON on input line 4751.
\c@Hy@tempcnt=\count123

("C:\Program Files\MiKTeX 2.9\tex\latex\url\url.sty"
\Urlmuskip=\muskip10
Package: url 2013/09/16  ver 3.4  Verb mode for urls, etc.
)
LaTeX Info: Redefining \url on input line 5104.
\XeTeXLinkMargin=\dimen164
\Fld@menulength=\count124
\Field@Width=\dimen165
\Fld@charsize=\dimen166
Package hyperref Info: Hyper figures OFF on input line 6358.
Package hyperref Info: Link nesting OFF on input line 6363.
Package hyperref Info: Hyper index ON on input line 6366.
Package hyperref Info: backreferencing OFF on input line 6373.
Package hyperref Info: Link coloring OFF on input line 6378.
Package hyperref Info: Link coloring with OCG OFF on input line 6383.
Package hyperref Info: PDF/A mode OFF on input line 6388.
LaTeX Info: Redefining \ref on input line 6428.
LaTeX Info: Redefining \pageref on input line 6432.
\Hy@abspage=\count125


Package hyperref Message: Stopped early.

)

Package hyperref Message: Driver (autodetected): hpdftex.

("C:\Program Files\MiKTeX 2.9\tex\latex\hyperref\hpdftex.def"
File: hpdftex.def 2017/03/14 v6.85a Hyperref driver for pdfTeX
\Fld@listcount=\count126
\c@bookmark@seq@number=\count127

("C:\Program Files\MiKTeX 2.9\tex\latex\oberdiek\rerunfilecheck.sty"
Package: rerunfilecheck 2016/05/16 v1.8 Rerun checks for auxiliary files (HO)
Package uniquecounter Info: New unique counter `rerunfilecheck' on input line 2
82.
))
("C:\Program Files\MiKTeX 2.9\tex\latex\beamer\beamerbaserequires.sty"
("C:\Program Files\MiKTeX 2.9\tex\latex\beamer\beamerbasecompatibility.sty")
("C:\Program Files\MiKTeX 2.9\tex\latex\beamer\beamerbasefont.sty"
("C:\Program Files\MiKTeX 2.9\tex\latex\amsfonts\amssymb.sty"
Package: amssymb 2013/01/14 v3.01 AMS font symbols

("C:\Program Files\MiKTeX 2.9\tex\latex\amsfonts\amsfonts.sty"
Package: amsfonts 2013/01/14 v3.01 Basic AMSFonts support
\@emptytoks=\toks26
\symAMSa=\mathgroup4
\symAMSb=\mathgroup5
LaTeX Font Info:    Overwriting math alphabet `\mathfrak' in version `bold'
(Font)                  U/euf/m/n --> U/euf/b/n on input line 106.
))
("C:\Program Files\MiKTeX 2.9\tex\latex\sansmathaccent\sansmathaccent.sty"
Package: sansmathaccent 2013/03/28

("C:\Program Files\MiKTeX 2.9\tex\latex\filehook\filehook.sty"
Package: filehook 2011/10/12 v0.5d Hooks for input files
)))
("C:\Program Files\MiKTeX 2.9\tex\latex\beamer\beamerbasetranslator.sty"
("C:\Program Files\MiKTeX 2.9\tex\latex\translator\translator.sty"
Package: translator 2018/01/04 v1.12 Easy translation of strings in LaTeX
))
("C:\Program Files\MiKTeX 2.9\tex\latex\beamer\beamerbasemisc.sty")
("C:\Program Files\MiKTeX 2.9\tex\latex\beamer\beamerbasetwoscreens.sty")
("C:\Program Files\MiKTeX 2.9\tex\latex\beamer\beamerbaseoverlay.sty"
\beamer@argscount=\count128
\beamer@lastskipcover=\skip44
\beamer@trivlistdepth=\count129
)
("C:\Program Files\MiKTeX 2.9\tex\latex\beamer\beamerbasetitle.sty")
("C:\Program Files\MiKTeX 2.9\tex\latex\beamer\beamerbasesection.sty"
\c@lecture=\count130
\c@part=\count131
\c@section=\count132
\c@subsection=\count133
\c@subsubsection=\count134
)
("C:\Program Files\MiKTeX 2.9\tex\latex\beamer\beamerbaseframe.sty"
\beamer@framebox=\box40
\beamer@frametitlebox=\box41
\beamer@zoombox=\box42
\beamer@zoomcount=\count135
\beamer@zoomframecount=\count136
\beamer@frametextheight=\dimen167
\c@subsectionslide=\count137
\beamer@frametopskip=\skip45
\beamer@framebottomskip=\skip46
\beamer@frametopskipautobreak=\skip47
\beamer@framebottomskipautobreak=\skip48
\beamer@envbody=\toks27
\framewidth=\dimen168
\c@framenumber=\count138
)
("C:\Program Files\MiKTeX 2.9\tex\latex\beamer\beamerbaseverbatim.sty"
\beamer@verbatimfileout=\write4
)
("C:\Program Files\MiKTeX 2.9\tex\latex\beamer\beamerbaseframesize.sty"
\beamer@splitbox=\box43
\beamer@autobreakcount=\count139
\beamer@autobreaklastheight=\dimen169
\beamer@frametitletoks=\toks28
\beamer@framesubtitletoks=\toks29
)
("C:\Program Files\MiKTeX 2.9\tex\latex\beamer\beamerbaseframecomponents.sty"
\beamer@footins=\box44
)
("C:\Program Files\MiKTeX 2.9\tex\latex\beamer\beamerbasecolor.sty"
\beamer@bg@ht=\dimen170
\beamer@bg@wd=\dimen171
\beamer@bg@dp=\dimen172
)
("C:\Program Files\MiKTeX 2.9\tex\latex\beamer\beamerbasenotes.sty"
\beamer@frameboxcopy=\box45
)
("C:\Program Files\MiKTeX 2.9\tex\latex\beamer\beamerbasetoc.sty")
("C:\Program Files\MiKTeX 2.9\tex\latex\beamer\beamerbasetemplates.sty"
\beamer@sbttoks=\toks30

("C:\Program Files\MiKTeX 2.9\tex\latex\beamer\beamerbaseauxtemplates.sty"
("C:\Program Files\MiKTeX 2.9\tex\latex\beamer\beamerbaseboxes.sty"
\bmb@box=\box46
\bmb@colorbox=\box47
\bmb@boxshadow=\box48
\bmb@boxshadowball=\box49
\bmb@boxshadowballlarge=\box50
\bmb@temp=\dimen173
\bmb@dima=\dimen174
\bmb@dimb=\dimen175
\bmb@prevheight=\dimen176
)
\beamer@blockheadheight=\dimen177
))
("C:\Program Files\MiKTeX 2.9\tex\latex\beamer\beamerbaselocalstructure.sty"
("C:\Program Files\MiKTeX 2.9\tex\latex\tools\enumerate.sty"
Package: enumerate 2015/07/23 v3.00 enumerate extensions (DPC)
\@enLab=\toks31
)
\c@figure=\count140
\c@table=\count141
\abovecaptionskip=\skip49
\belowcaptionskip=\skip50
)
("C:\Program Files\MiKTeX 2.9\tex\latex\beamer\beamerbasenavigation.sty"
\beamer@section@min@dim=\dimen178
)
("C:\Program Files\MiKTeX 2.9\tex\latex\beamer\beamerbasetheorems.sty"
("C:\Program Files\MiKTeX 2.9\tex\latex\amsmath\amsmath.sty"
Package: amsmath 2016/11/05 v2.16a AMS math features
\@mathmargin=\skip51

For additional information on amsmath, use the `?' option.
("C:\Program Files\MiKTeX 2.9\tex\latex\amsmath\amstext.sty"
Package: amstext 2000/06/29 v2.01 AMS text

("C:\Program Files\MiKTeX 2.9\tex\latex\amsmath\amsgen.sty"
File: amsgen.sty 1999/11/30 v2.0 generic functions
\@emptytoks=\toks32
\ex@=\dimen179
))
("C:\Program Files\MiKTeX 2.9\tex\latex\amsmath\amsbsy.sty"
Package: amsbsy 1999/11/29 v1.2d Bold Symbols
\pmbraise@=\dimen180
)
("C:\Program Files\MiKTeX 2.9\tex\latex\amsmath\amsopn.sty"
Package: amsopn 2016/03/08 v2.02 operator names
)
\inf@bad=\count142
LaTeX Info: Redefining \frac on input line 213.
\uproot@=\count143
\leftroot@=\count144
LaTeX Info: Redefining \overline on input line 375.
\classnum@=\count145
\DOTSCASE@=\count146
LaTeX Info: Redefining \ldots on input line 472.
LaTeX Info: Redefining \dots on input line 475.
LaTeX Info: Redefining \cdots on input line 596.
\Mathstrutbox@=\box51
\strutbox@=\box52
\big@size=\dimen181
LaTeX Font Info:    Redeclaring font encoding OML on input line 712.
LaTeX Font Info:    Redeclaring font encoding OMS on input line 713.
\macc@depth=\count147
\c@MaxMatrixCols=\count148
\dotsspace@=\muskip11
\c@parentequation=\count149
\dspbrk@lvl=\count150
\tag@help=\toks33
\row@=\count151
\column@=\count152
\maxfields@=\count153
\andhelp@=\toks34
\eqnshift@=\dimen182
\alignsep@=\dimen183
\tagshift@=\dimen184
\tagwidth@=\dimen185
\totwidth@=\dimen186
\lineht@=\dimen187
\@envbody=\toks35
\multlinegap=\skip52
\multlinetaggap=\skip53
\mathdisplay@stack=\toks36
LaTeX Info: Redefining \[ on input line 2817.
LaTeX Info: Redefining \] on input line 2818.
)
("C:\Program Files\MiKTeX 2.9\tex\latex\amscls\amsthm.sty"
Package: amsthm 2015/03/04 v2.20.2
\thm@style=\toks37
\thm@bodyfont=\toks38
\thm@headfont=\toks39
\thm@notefont=\toks40
\thm@headpunct=\toks41
\thm@preskip=\skip54
\thm@postskip=\skip55
\thm@headsep=\skip56
\dth@everypar=\toks42
)
\c@theorem=\count154
)
("C:\Program Files\MiKTeX 2.9\tex\latex\beamer\beamerbasethemes.sty"))
("C:\Program Files\MiKTeX 2.9\tex\latex\beamer\beamerthemedefault.sty"
("C:\Program Files\MiKTeX 2.9\tex\latex\beamer\beamerfontthemedefault.sty")
("C:\Program Files\MiKTeX 2.9\tex\latex\beamer\beamercolorthemedefault.sty")
("C:\Program Files\MiKTeX 2.9\tex\latex\beamer\beamerinnerthemedefault.sty"
\beamer@dima=\dimen188
\beamer@dimb=\dimen189
)
("C:\Program Files\MiKTeX 2.9\tex\latex\beamer\beamerouterthemedefault.sty")))
("C:\Program Files\MiKTeX 2.9\tex\latex\beamer\beamerfontthemeserif.sty")
(beamerthemeTorino.sty (beamerinnerthemefancy.sty
\beamer@fancy@lineup=\skip57
\beamer@fancy@linemid=\skip58
\beamer@fancy@linebottom=\skip59
\beamer@fancy@normalmargin=\skip60
)
(beamerouterthemedecolines.sty
\headerheight=\skip61
\beamer@decolines@lineup=\skip62
\beamer@decolines@linemid=\skip63
\beamer@decolines@linebottom=\skip64
\beamer@decolines@watermarkheightbottom=\skip65
\beamer@decolines@watermarkheightupperorig=\skip66
) (beamercolorthemechameleon.sty))
("C:\Program Files\MiKTeX 2.9\tex\latex\base\inputenc.sty"
Package: inputenc 2015/03/17 v1.2c Input encoding file
\inpenc@prehook=\toks43
\inpenc@posthook=\toks44

("C:\Program Files\MiKTeX 2.9\tex\latex\base\latin1.def"
File: latin1.def 2015/03/17 v1.2c Input encoding file
))
("C:\Program Files\MiKTeX 2.9\tex\generic\babel\babel.sty"
Package: babel 2017/04/28 3.9t The Babel package

*************************************
* Local config file bblopts.cfg used
*
("C:\Program Files\MiKTeX 2.9\tex\latex\arabi\bblopts.cfg"
File: bblopts.cfg 2005/09/08 v0.1 add Arabic and Farsi to "declared" options of
 babel
)
("C:\Program Files\MiKTeX 2.9\tex\latex\babel-english\english.ldf"
Language: english 2017/01/24 v3.3q English support from the babel system

("C:\Program Files\MiKTeX 2.9\tex\generic\babel\babel.def"
File: babel.def 2017/04/28 3.9t Babel common definitions
\babel@savecnt=\count155
\U@D=\dimen190
LaTeX Info: Redefining \textlatin on input line 1470.
)
\l@canadian = a dialect from \language\l@american 
\l@australian = a dialect from \language\l@british 
\l@newzealand = a dialect from \language\l@british 
))
("C:\Program Files\MiKTeX 2.9\tex\latex\subfig\subfig.sty"
Package: subfig 2005/06/28 ver: 1.3 subfig package

("C:\Program Files\MiKTeX 2.9\tex\latex\caption\caption.sty"
Package: caption 2016/02/21 v3.3-144 Customizing captions (AR)

("C:\Program Files\MiKTeX 2.9\tex\latex\caption\caption3.sty"
Package: caption3 2016/05/22 v1.7-166 caption3 kernel (AR)
Package caption3 Info: TeX engine: e-TeX on input line 67.
\captionmargin=\dimen191
\captionmargin@=\dimen192
\captionwidth=\dimen193
\caption@tempdima=\dimen194
\caption@indent=\dimen195
\caption@parindent=\dimen196
\caption@hangindent=\dimen197
)
\c@ContinuedFloat=\count156
Package caption Info: beamer document class.
Package caption Info: hyperref package is loaded.
Package caption Info: Hyperref support is turned off
(caption)             because hyperref has stopped early.
)
\c@KVtest=\count157
\sf@farskip=\skip67
\sf@captopadj=\dimen198
\sf@capskip=\skip68
\sf@nearskip=\skip69
\c@subfigure=\count158
\c@subfigure@save=\count159
\c@depth=\count160
\c@subtable=\count161
\c@subtable@save=\count162
\sf@top=\skip70
\sf@bottom=\skip71
)
("C:\Program Files\MiKTeX 2.9\tex\latex\booktabs\booktabs.sty"
Package: booktabs 2005/04/14 v1.61803 publication quality tables
\heavyrulewidth=\dimen199
\lightrulewidth=\dimen256
\cmidrulewidth=\dimen257
\belowrulesep=\dimen258
\belowbottomsep=\dimen259
\aboverulesep=\dimen260
\abovetopsep=\dimen261
\cmidrulesep=\dimen262
\cmidrulekern=\dimen263
\defaultaddspace=\dimen264
\@cmidla=\count163
\@cmidlb=\count164
\@aboverulesep=\dimen265
\@belowrulesep=\dimen266
\@thisruleclass=\count165
\@lastruleclass=\count166
\@thisrulewidth=\dimen267
)
("C:\Program Files\MiKTeX 2.9\tex\latex\wrapfig\wrapfig.sty"
\wrapoverhang=\dimen268
\WF@size=\dimen269
\c@WF@wrappedlines=\count167
\WF@box=\box53
\WF@everypar=\toks45
Package: wrapfig 2003/01/31  v 3.6
)
("C:\Program Files\MiKTeX 2.9\tex\latex\siunitx\siunitx.sty"
("C:\Program Files\MiKTeX 2.9\tex\latex\l3kernel\expl3.sty"
Package: expl3 2017/05/13 L3 programming layer (loader) 

("C:\Program Files\MiKTeX 2.9\tex\latex\l3kernel\expl3-code.tex"
Package: expl3 2017/05/13 L3 programming layer (code)
\c_max_int=\count168
\l_tmpa_int=\count169
\l_tmpb_int=\count170
\g_tmpa_int=\count171
\g_tmpb_int=\count172
\g__prg_map_int=\count173
\c_log_iow=\count174
\l_iow_line_count_int=\count175
\l__iow_line_target_int=\count176
\l__iow_one_indent_int=\count177
\l__iow_indent_int=\count178
\c_zero_dim=\dimen270
\c_max_dim=\dimen271
\l_tmpa_dim=\dimen272
\l_tmpb_dim=\dimen273
\g_tmpa_dim=\dimen274
\g_tmpb_dim=\dimen275
\c_zero_skip=\skip72
\c_max_skip=\skip73
\l_tmpa_skip=\skip74
\l_tmpb_skip=\skip75
\g_tmpa_skip=\skip76
\g_tmpb_skip=\skip77
\c_zero_muskip=\muskip12
\c_max_muskip=\muskip13
\l_tmpa_muskip=\muskip14
\l_tmpb_muskip=\muskip15
\g_tmpa_muskip=\muskip16
\g_tmpb_muskip=\muskip17
\l_keys_choice_int=\count179
\c__fp_leading_shift_int=\count180
\c__fp_middle_shift_int=\count181
\c__fp_trailing_shift_int=\count182
\c__fp_big_leading_shift_int=\count183
\c__fp_big_middle_shift_int=\count184
\c__fp_big_trailing_shift_int=\count185
\c__fp_Bigg_leading_shift_int=\count186
\c__fp_Bigg_middle_shift_int=\count187
\c__fp_Bigg_trailing_shift_int=\count188
\c__fp_rand_size_int=\count189
\c__fp_rand_four_int=\count190
\c__fp_rand_eight_int=\count191
\l__sort_length_int=\count192
\l__sort_min_int=\count193
\l__sort_top_int=\count194
\l__sort_max_int=\count195
\l__sort_true_max_int=\count196
\l__sort_block_int=\count197
\l__sort_begin_int=\count198
\l__sort_end_int=\count199
\l__sort_A_int=\count266
\l__sort_B_int=\count267
\l__sort_C_int=\count268
\c_empty_box=\box54
\l_tmpa_box=\box55
\l_tmpb_box=\box56
\g_tmpa_box=\box57
\g_tmpb_box=\box58
\l__box_top_dim=\dimen276
\l__box_bottom_dim=\dimen277
\l__box_left_dim=\dimen278
\l__box_right_dim=\dimen279
\l__box_top_new_dim=\dimen280
\l__box_bottom_new_dim=\dimen281
\l__box_left_new_dim=\dimen282
\l__box_right_new_dim=\dimen283
\l__box_internal_box=\box59
\l__coffin_internal_box=\box60
\l__coffin_internal_dim=\dimen284
\l__coffin_offset_x_dim=\dimen285
\l__coffin_offset_y_dim=\dimen286
\l__coffin_x_dim=\dimen287
\l__coffin_y_dim=\dimen288
\l__coffin_x_prime_dim=\dimen289
\l__coffin_y_prime_dim=\dimen290
\c_empty_coffin=\box61
\l__coffin_aligned_coffin=\box62
\l__coffin_aligned_internal_coffin=\box63
\l_tmpa_coffin=\box64
\l_tmpb_coffin=\box65
\l__coffin_display_coffin=\box66
\l__coffin_display_coord_coffin=\box67
\l__coffin_display_pole_coffin=\box68
\l__coffin_display_offset_dim=\dimen291
\l__coffin_display_x_dim=\dimen292
\l__coffin_display_y_dim=\dimen293
\l__coffin_bounding_shift_dim=\dimen294
\l__coffin_left_corner_dim=\dimen295
\l__coffin_right_corner_dim=\dimen296
\l__coffin_bottom_corner_dim=\dimen297
\l__coffin_top_corner_dim=\dimen298
\l__coffin_scaled_total_height_dim=\dimen299
\l__coffin_scaled_width_dim=\dimen300
)
("C:\Program Files\MiKTeX 2.9\tex\latex\l3kernel\l3pdfmode.def"
File: l3pdfmode.def 2017/03/18 v L3 Experimental driver: PDF mode
\l__driver_color_stack_int=\count269
\l__driver_tmp_box=\box69
))
("C:\Program Files\MiKTeX 2.9\tex\latex\l3packages\xparse\xparse.sty"
Package: xparse 2017/05/13 L3 Experimental document command parser
\l__xparse_current_arg_int=\count270
\g__xparse_grabber_int=\count271
\l__xparse_m_args_int=\count272
\l__xparse_mandatory_args_int=\count273
\l__xparse_v_nesting_int=\count274
)
Package: siunitx 2017/03/23 v2.7f A comprehensive (SI) units package

("C:\Program Files\MiKTeX 2.9\tex\latex\tools\array.sty"
Package: array 2016/10/06 v2.4d Tabular extension package (FMi)
\col@sep=\dimen301
\extrarowheight=\dimen302
\NC@list=\toks46
\extratabsurround=\skip78
\backup@length=\skip79
)
("C:\Program Files\MiKTeX 2.9\tex\latex\l3packages\l3keys2e\l3keys2e.sty"
Package: l3keys2e 2017/05/13 LaTeX2e option processing using LaTeX3 keys
)
\l__siunitx_tmp_box=\box70
\l__siunitx_tmp_dim=\dimen303
\l__siunitx_tmp_int=\count275
\l__siunitx_number_mantissa_length_int=\count276
\l__siunitx_number_uncert_length_int=\count277
\l__siunitx_round_int=\count278
\l__siunitx_process_decimal_int=\count279
\l__siunitx_process_uncertainty_int=\count280
\l__siunitx_process_fixed_int=\count281
\l__siunitx_process_integer_min_int=\count282
\l__siunitx_process_precision_int=\count283
\l__siunitx_group_min_int=\count284
\l__siunitx_angle_marker_box=\box71
\l__siunitx_angle_unit_box=\box72
\l__siunitx_angle_marker_dim=\dimen304
\l__siunitx_angle_unit_dim=\dimen305
\l__siunitx_unit_int=\count285
\l__siunitx_unit_denominator_int=\count286
\l__siunitx_unit_numerator_int=\count287
\l__siunitx_unit_prefix_int=\count288
\l__siunitx_unit_prefix_base_int=\count289
\l__siunitx_unit_prefix_gram_int=\count290
\l__siunitx_number_product_int=\count291
\c__siunitx_one_fill_skip=\skip80
\l__siunitx_table_unit_align_skip=\skip81
\l__siunitx_table_exponent_dim=\dimen306
\l__siunitx_table_integer_dim=\dimen307
\l__siunitx_table_mantissa_dim=\dimen308
\l__siunitx_table_marker_dim=\dimen309
\l__siunitx_table_result_dim=\dimen310
\l__siunitx_table_uncert_dim=\dimen311
\l__siunitx_table_fill_pre_dim=\dimen312
\l__siunitx_table_fill_post_dim=\dimen313
\l__siunitx_table_fill_mid_dim=\dimen314
\l__siunitx_table_pre_box=\box73
\l__siunitx_table_post_box=\box74
\l__siunitx_table_mantissa_box=\box75
\l__siunitx_table_result_box=\box76
\l__siunitx_table_number_align_skip=\skip82
\l__siunitx_table_text_align_skip=\skip83
.................................................
. LaTeX info: "xparse/define-command"
. 
. Defining command \DeclareBinaryPrefix with sig. 'mmm' on line 7274.
.................................................
.................................................
. LaTeX info: "xparse/define-command"
. 
. Defining command \DeclareSIPostPower with sig. 'mm' on line 7277.
.................................................
.................................................
. LaTeX info: "xparse/define-command"
. 
. Defining command \DeclareSIPrefix with sig. 'mmm' on line 7280.
.................................................
.................................................
. LaTeX info: "xparse/define-command"
. 
. Defining command \DeclareSIPrePower with sig. 'mm' on line 7283.
.................................................
.................................................
. LaTeX info: "xparse/define-command"
. 
. Defining command \DeclareSIQualifier with sig. 'mm' on line 7286.
.................................................
.................................................
. LaTeX info: "xparse/define-command"
. 
. Defining command \DeclareSIUnit with sig. 'O{}mm' on line 7289.
.................................................
.................................................
. LaTeX info: "xparse/define-command"
. 
. Defining command \DeclareSIUnitWithOptions with sig. 'mmm' on line 7292.
.................................................
.................................................
. LaTeX info: "xparse/define-command"
. 
. Defining command \ang with sig. 'o>{\SplitArgument {2}{;}}m' on line 7307.
.................................................
.................................................
. LaTeX info: "xparse/define-command"
. 
. Defining command \num with sig. 'om' on line 7316.
.................................................
.................................................
. LaTeX info: "xparse/define-command"
. 
. Defining command \numlist with sig. 'o>{\SplitList {;}}m' on line 7325.
.................................................
.................................................
. LaTeX info: "xparse/define-command"
. 
. Defining command \numrange with sig. 'omm' on line 7334.
.................................................
.................................................
. LaTeX info: "xparse/define-command"
. 
. Defining command \SIlist with sig. 'o>{\SplitList {;}}mm' on line 7346.
.................................................
.................................................
. LaTeX info: "xparse/define-command"
. 
. Defining command \SIrange with sig. 'ommm' on line 7358.
.................................................
.................................................
. LaTeX info: "xparse/define-command"
. 
. Defining command \SI with sig. 'omom' on line 7370.
.................................................
.................................................
. LaTeX info: "xparse/define-command"
. 
. Defining command \sisetup with sig. 'm' on line 7373.
.................................................
.................................................
. LaTeX info: "xparse/define-command"
. 
. Defining command \tablenum with sig. 'om' on line 7388.
.................................................
.................................................
. LaTeX info: "xparse/define-command"
. 
. Defining command \si with sig. 'om' on line 7400.
.................................................
.................................................
. LaTeX info: "xparse/define-command"
. 
. Defining command \numInBookmark with sig. 'om' on line 7447.
.................................................
.................................................
. LaTeX info: "xparse/define-command"
. 
. Defining command \numrangeInBookmark with sig. 'omm' on line 7449.
.................................................
.................................................
. LaTeX info: "xparse/define-command"
. 
. Defining command \SIInBookmark with sig. 'omom' on line 7451.
.................................................
.................................................
. LaTeX info: "xparse/define-command"
. 
. Defining command \SIlistInBookmark with sig. 'omm' on line 7453.
.................................................
.................................................
. LaTeX info: "xparse/define-command"
. 
. Defining command \SIrangeInBookmark with sig. 'ommm' on line 7455.
.................................................
.................................................
. LaTeX info: "xparse/define-command"
. 
. Defining command \siInBookmark with sig. 'om' on line 7456.
.................................................
\g__file_internal_ior=\read2
)
(myUnitOfMeasure.sty
Package: myUnitOfMeasure 

("C:\Program Files\MiKTeX 2.9\tex\latex\microtype\microtype.sty"
Package: microtype 2016/05/14 v2.6a Micro-typographical refinements (RS)
\MT@toks=\toks47
\MT@count=\count292
LaTeX Info: Redefining \textls on input line 774.
\MT@outer@kern=\dimen315
LaTeX Info: Redefining \textmicrotypecontext on input line 1310.
\MT@listname@count=\count293

("C:\Program Files\MiKTeX 2.9\tex\latex\microtype\microtype-pdftex.def"
File: microtype-pdftex.def 2016/05/14 v2.6a Definitions specific to pdftex (RS)

LaTeX Info: Redefining \lsstyle on input line 916.
LaTeX Info: Redefining \lslig on input line 916.
\MT@outer@space=\skip84
)
Package microtype Info: Loading configuration file microtype.cfg.

("C:\Program Files\MiKTeX 2.9\tex\latex\microtype\microtype.cfg"
File: microtype.cfg 2016/05/14 v2.6a microtype main configuration file (RS)
))
("C:\Program Files\MiKTeX 2.9\tex\latex\tools\tabularx.sty"
Package: tabularx 2016/02/03 v2.11 `tabularx' package (DPC)
\TX@col@width=\dimen316
\TX@old@table=\dimen317
\TX@old@col=\dimen318
\TX@target=\dimen319
\TX@delta=\dimen320
\TX@cols=\count294
\TX@ftn=\toks48
)
("C:\Program Files\MiKTeX 2.9\tex\latex\float\float.sty"
Package: float 2001/11/08 v1.3d Float enhancements (AL)
\c@float@type=\count295
\float@exts=\toks49
\float@box=\box77
\@float@everytoks=\toks50
\@floatcapt=\box78
)
("C:\Program Files\MiKTeX 2.9\tex\latex\was\gensymb.sty"
Package: gensymb 2003/07/02 v1.0 (WaS)
)) (myMath.sty
Package: myMath 

("C:\Program Files\MiKTeX 2.9\tex\latex\cases\cases.sty"
Package: cases 2002/05/02 ver 2.5 
)
("C:\Program Files\MiKTeX 2.9\tex\latex\cancel\cancel.sty"
Package: cancel 2013/04/12 v2.2 Cancel math terms
)
("C:\Program Files\MiKTeX 2.9\tex\latex\tabu\tabu.sty"
Package: tabu 2011/02/26 v2.8 - flexible LaTeX tabulars (FC)

("C:\Program Files\MiKTeX 2.9\tex\latex\ltxmisc\varwidth.sty"
Package: varwidth 2009/03/30 ver 0.92;  Variable-width minipages
\@vwid@box=\box79
\sift@deathcycles=\count296
\@vwid@loff=\dimen321
\@vwid@roff=\dimen322
)
\c@taburow=\count297
\tabu@nbcols=\count298
\tabu@cnt=\count299
\tabu@Xcol=\count300
\tabu@alloc=\count301
\tabu@nested=\count302
\tabu@target=\dimen323
\tabu@spreadtarget=\dimen324
\tabu@naturalX=\dimen325
\tabucolX=\dimen326
\tabu@Xsum=\dimen327
\extrarowdepth=\dimen328
\abovetabulinesep=\dimen329
\belowtabulinesep=\dimen330
\tabustrutrule=\dimen331
\tabu@thebody=\toks51
\tabu@footnotes=\toks52
\tabu@box=\box80
\tabu@arstrutbox=\box81
\tabu@hleads=\box82
\tabu@vleads=\box83
\tabu@cellskip=\skip85
)
("C:\Program Files\MiKTeX 2.9\tex\latex\mathtools\mathtools.sty"
Package: mathtools 2015/11/12 v1.18 mathematical typesetting tools

("C:\Program Files\MiKTeX 2.9\tex\latex\tools\calc.sty"
Package: calc 2014/10/28 v4.3 Infix arithmetic (KKT,FJ)
\calc@Acount=\count303
\calc@Bcount=\count304
\calc@Adimen=\dimen332
\calc@Bdimen=\dimen333
\calc@Askip=\skip86
\calc@Bskip=\skip87
LaTeX Info: Redefining \setlength on input line 80.
LaTeX Info: Redefining \addtolength on input line 81.
\calc@Ccount=\count305
\calc@Cskip=\skip88
)
("C:\Program Files\MiKTeX 2.9\tex\latex\mathtools\mhsetup.sty"
Package: mhsetup 2010/01/21 v1.2a programming setup (MH)
)
LaTeX Info: Thecontrolsequence`\('isalreadyrobust on input line 129.
LaTeX Info: Thecontrolsequence`\)'isalreadyrobust on input line 129.
LaTeX Info: Thecontrolsequence`\['isalreadyrobust on input line 129.
LaTeX Info: Thecontrolsequence`\]'isalreadyrobust on input line 129.
\g_MT_multlinerow_int=\count306
\l_MT_multwidth_dim=\dimen334
\origjot=\skip89
\l_MT_shortvdotswithinadjustabove_dim=\dimen335
\l_MT_shortvdotswithinadjustbelow_dim=\dimen336
\l_MT_above_intertext_sep=\dimen337
\l_MT_below_intertext_sep=\dimen338
\l_MT_above_shortintertext_sep=\dimen339
\l_MT_below_shortintertext_sep=\dimen340
)) (main.aux)
\openout1 = `main.aux'.

LaTeX Font Info:    Checking defaults for OML/cmm/m/it on input line 64.
LaTeX Font Info:    ... okay on input line 64.
LaTeX Font Info:    Checking defaults for T1/cmr/m/n on input line 64.
LaTeX Font Info:    ... okay on input line 64.
LaTeX Font Info:    Checking defaults for OT1/cmr/m/n on input line 64.
LaTeX Font Info:    ... okay on input line 64.
LaTeX Font Info:    Checking defaults for OMS/cmsy/m/n on input line 64.
LaTeX Font Info:    ... okay on input line 64.
LaTeX Font Info:    Checking defaults for OMX/cmex/m/n on input line 64.
LaTeX Font Info:    ... okay on input line 64.
LaTeX Font Info:    Checking defaults for U/cmr/m/n on input line 64.
LaTeX Font Info:    ... okay on input line 64.
LaTeX Font Info:    Checking defaults for PD1/pdf/m/n on input line 64.
LaTeX Font Info:    ... okay on input line 64.

*geometry* driver: auto-detecting
*geometry* detected driver: pdftex
*geometry* verbose mode - [ preamble ] result:
* driver: pdftex
* paper: custom
* layout: <same size as paper>
* layoutoffset:(h,v)=(0.0pt,0.0pt)
* modes: includehead includefoot 
* h-part:(L,W,R)=(21.85083pt, 320.4937pt, 21.85083pt)
* v-part:(T,H,B)=(0.0pt, 273.14662pt, 0.0pt)
* \paperwidth=364.19536pt
* \paperheight=273.14662pt
* \textwidth=320.4937pt
* \textheight=244.6939pt
* \oddsidemargin=-50.41916pt
* \evensidemargin=-50.41916pt
* \topmargin=-72.26999pt
* \headheight=14.22636pt
* \headsep=0.0pt
* \topskip=11.0pt
* \footskip=14.22636pt
* \marginparwidth=4.0pt
* \marginparsep=10.0pt
* \columnsep=10.0pt
* \skip\footins=10.0pt plus 4.0pt minus 2.0pt
* \hoffset=0.0pt
* \voffset=0.0pt
* \mag=1000
* \@twocolumnfalse
* \@twosidefalse
* \@mparswitchfalse
* \@reversemarginfalse
* (1in=72.27pt=25.4mm, 1cm=28.453pt)

(C:\Users\Andrea\AppData\Roaming\MiKTeX\2.9\tex\context\base\supp-pdf.mkii
[Loading MPS to PDF converter (version 2006.09.02).]
\scratchcounter=\count307
\scratchdimen=\dimen341
\scratchbox=\box84
\nofMPsegments=\count308
\nofMParguments=\count309
\everyMPshowfont=\toks53
\MPscratchCnt=\count310
\MPscratchDim=\dimen342
\MPnumerator=\count311
\makeMPintoPDFobject=\count312
\everyMPtoPDFconversion=\toks54
) ("C:\Program Files\MiKTeX 2.9\tex\latex\oberdiek\epstopdf-base.sty"
Package: epstopdf-base 2016/05/15 v2.6 Base part for package epstopdf

("C:\Program Files\MiKTeX 2.9\tex\latex\oberdiek\grfext.sty"
Package: grfext 2016/05/16 v1.2 Manage graphics extensions (HO)
)
Package epstopdf-base Info: Redefining graphics rule for `.eps' on input line 4
38.
Package grfext Info: Graphics extension search list:
(grfext)             [.png,.pdf,.jpg,.mps,.jpeg,.jbig2,.jb2,.PNG,.PDF,.JPG,.JPE
G,.JBIG2,.JB2,.eps]
(grfext)             \AppendGraphicsExtensions on input line 456.
)
ABD: EveryShipout initializing macros
\AtBeginShipoutBox=\box85
Package hyperref Info: Link coloring OFF on input line 64.

("C:\Program Files\MiKTeX 2.9\tex\latex\hyperref\nameref.sty"
Package: nameref 2016/05/21 v2.44 Cross-referencing by name of section

("C:\Program Files\MiKTeX 2.9\tex\generic\oberdiek\gettitlestring.sty"
Package: gettitlestring 2016/05/16 v1.5 Cleanup title references (HO)
)
\c@section@level=\count313
)
LaTeX Info: Redefining \ref on input line 64.
LaTeX Info: Redefining \pageref on input line 64.
LaTeX Info: Redefining \nameref on input line 64.

(main.out) (main.out)
\@outlinefile=\write5
\openout5 = `main.out'.


("C:\Program Files\MiKTeX 2.9\tex\latex\translator\translator-basic-dictionary-
English.dict"
Dictionary: translator-basic-dictionary, Language: English 
)
("C:\Program Files\MiKTeX 2.9\tex\latex\translator\translator-bibliography-dict
ionary-English.dict"
Dictionary: translator-bibliography-dictionary, Language: English 
)
("C:\Program Files\MiKTeX 2.9\tex\latex\translator\translator-environment-dicti
onary-English.dict"
Dictionary: translator-environment-dictionary, Language: English 
)
("C:\Program Files\MiKTeX 2.9\tex\latex\translator\translator-months-dictionary
-English.dict"
Dictionary: translator-months-dictionary, Language: English 
)
("C:\Program Files\MiKTeX 2.9\tex\latex\translator\translator-numbers-dictionar
y-English.dict"
Dictionary: translator-numbers-dictionary, Language: English 
)
("C:\Program Files\MiKTeX 2.9\tex\latex\translator\translator-theorem-dictionar
y-English.dict"
Dictionary: translator-theorem-dictionary, Language: English 
)
Package caption Info: Begin \AtBeginDocument code.
Package caption Info: subfig package v1.3 is loaded.
Package caption Info: float package is loaded.
Package caption Info: wrapfig package is loaded.
Package caption Info: End \AtBeginDocument code.

("C:\Program Files\MiKTeX 2.9\tex\latex\siunitx\siunitx-abbreviations.cfg"
File: siunitx-abbreviations.cfg 2017/03/23 v2.7f siunitx: Abbreviated units
)
LaTeX Info: Redefining \microtypecontext on input line 64.
Package microtype Info: Generating PDF output.
Package microtype Info: Character protrusion enabled (level 2).
Package microtype Info: Using default protrusion set `alltext'.
Package microtype Info: Automatic font expansion enabled (level 2),
(microtype)             stretch: 20, shrink: 20, step: 1, non-selected.
Package microtype Info: Using default expansion set `basictext'.
Package microtype Info: No adjustment of tracking.
Package microtype Info: No adjustment of interword spacing.
Package microtype Info: No adjustment of character kerning.
Package microtype Info: Loading generic settings for font family
(microtype)             `cmss' (encoding: OT1).
(microtype)             For optimal results, create family-specific settings.
(microtype)             See the microtype manual for details.
LaTeX Info: Redefining \celsius on input line 64.
Package gensymb Info: Faking symbols for \degree and \celsius on input line 64.



Package gensymb Warning: Not defining \perthousand.

LaTeX Info: Redefining \ohm on input line 64.
Package gensymb Info: Using \Omega for \ohm on input line 64.

Package gensymb Warning: Not defining \micro.

(main.nav)
\c__siunitx_mathsf_int=\count314
 ("C:\Program Files\MiKTeX 2.9\tex\latex\microtype\mt-cmr.cfg"
File: mt-cmr.cfg 2013/05/19 v2.2 microtype config. file: Computer Modern Roman 
(RS)
)
LaTeX Font Info:    Try loading font information for U+msa on input line 64.

("C:\Program Files\MiKTeX 2.9\tex\latex\amsfonts\umsa.fd"
File: umsa.fd 2013/01/14 v3.01 AMS symbols A
)
("C:\Program Files\MiKTeX 2.9\tex\latex\microtype\mt-msa.cfg"
File: mt-msa.cfg 2006/02/04 v1.1 microtype config. file: AMS symbols (a) (RS)
)
LaTeX Font Info:    Try loading font information for U+msb on input line 64.

("C:\Program Files\MiKTeX 2.9\tex\latex\amsfonts\umsb.fd"
File: umsb.fd 2013/01/14 v3.01 AMS symbols B
)
("C:\Program Files\MiKTeX 2.9\tex\latex\microtype\mt-msb.cfg"
File: mt-msb.cfg 2005/06/01 v1.0 microtype config. file: AMS symbols (b) (RS)
)
\c__siunitx_mathtt_int=\count315
Package microtype Info: Loading generic settings for font family
(microtype)             `cmtt' (encoding: OT1).
(microtype)             For optimal results, create family-specific settings.
(microtype)             See the microtype manual for details.

<logo-polimi.png, id=12, 301.125pt x 301.125pt>
File: logo-polimi.png Graphic file (type png)
 <use logo-polimi.png>
Package pdftex.def Info: logo-polimi.png used on input line 69.
(pdftex.def)             Requested size: 109.25494pt x 109.25697pt.
 [1

{C:/Users/Andrea/AppData/Local/MiKTeX/2.9/pdftex/config/pdftex.map} <./logo-pol
imi.png>]

LaTeX Font Warning: Font shape `OT1/cmss/bx/it' undefined
(Font)              using `OT1/cmss/bx/n' instead on input line 84.


Underfull \hbox (badness 10000) has occurred while \output is active
[][]
 []


Underfull \hbox (badness 10000) has occurred while \output is active
[]
 []

[2

]
Underfull \hbox (badness 10000) has occurred while \output is active
[][]
 []


Underfull \hbox (badness 10000) has occurred while \output is active
[]
 []

[3

]
Underfull \hbox (badness 10000) has occurred while \output is active
[][]
 []


Underfull \hbox (badness 10000) has occurred while \output is active
[]
 []

[4

]
Underfull \hbox (badness 10000) has occurred while \output is active
[][]
 []


Underfull \hbox (badness 10000) has occurred while \output is active
[]
 []

[5

]
Underfull \hbox (badness 10000) has occurred while \output is active
[][]
 []


Underfull \hbox (badness 10000) has occurred while \output is active
[]
 []

[6

]
Underfull \hbox (badness 10000) has occurred while \output is active
[][]
 []


Underfull \hbox (badness 10000) has occurred while \output is active
[]
 []

[7

] <fig/mainloop_fig.pdf, id=65, 381.58058pt x 229.24045pt>
File: fig/mainloop_fig.pdf Graphic file (type pdf)

<use fig/mainloop_fig.pdf>
Package pdftex.def Info: fig/mainloop_fig.pdf used on input line 165.
(pdftex.def)             Requested size: 267.10457pt x 160.46721pt.

Overfull \vbox (3.52101pt too high) detected at line 165
 []


Underfull \hbox (badness 10000) has occurred while \output is active
[][]
 []


Underfull \hbox (badness 10000) has occurred while \output is active
[]
 []

[8

 <./fig/mainloop_fig.pdf>]
Underfull \hbox (badness 10000) has occurred while \output is active
[][]
 []


Underfull \hbox (badness 10000) has occurred while \output is active
[]
 []

[9

]
Underfull \hbox (badness 10000) has occurred while \output is active
[][]
 []


Underfull \hbox (badness 10000) has occurred while \output is active
[]
 []

[10

]
Underfull \hbox (badness 10000) has occurred while \output is active
[][]
 []


Underfull \hbox (badness 10000) has occurred while \output is active
[]
 []

[11

] <fig/velocity_triangle_example.pdf, id=113, 349.29799pt x 109.56834pt>
File: fig/velocity_triangle_example.pdf Graphic file (type pdf)

<use fig/velocity_triangle_example.pdf>
Package pdftex.def Info: fig/velocity_triangle_example.pdf used on input line 2
33.
(pdftex.def)             Requested size: 244.50691pt x 76.6973pt.

Underfull \hbox (badness 10000) has occurred while \output is active
[][]
 []


Underfull \hbox (badness 10000) has occurred while \output is active
[]
 []

[12

 <./fig/velocity_triangle_example.pdf>]
Underfull \hbox (badness 10000) has occurred while \output is active
[][]
 []


Underfull \hbox (badness 10000) has occurred while \output is active
[]
 []

[13

]
Underfull \hbox (badness 10000) has occurred while \output is active
[][]
 []


Underfull \hbox (badness 10000) has occurred while \output is active
[]
 []

[14

]
Underfull \hbox (badness 10000) has occurred while \output is active
[][]
 []


Underfull \hbox (badness 10000) has occurred while \output is active
[]
 []

[15

]
Underfull \hbox (badness 10000) has occurred while \output is active
[][]
 []


Underfull \hbox (badness 10000) has occurred while \output is active
[]
 []

[16

]
Underfull \hbox (badness 10000) has occurred while \output is active
[][]
 []


Underfull \hbox (badness 10000) has occurred while \output is active
[]
 []

[17

]
Underfull \hbox (badness 10000) has occurred while \output is active
[][]
 []


Underfull \hbox (badness 10000) has occurred while \output is active
[]
 []

[18

]

pdfTeX warning: pdflatex (file ./fig/velocity_span_example.pdf): PDF inclusion:
 found PDF version <1.6>, but at most version <1.5> allowed
<fig/velocity_span_example.pdf, id=172, 496.25421pt x 316.80658pt>
File: fig/velocity_span_example.pdf Graphic file (type pdf)

<use fig/velocity_span_example.pdf>
Package pdftex.def Info: fig/velocity_span_example.pdf used on input line 385.
(pdftex.def)             Requested size: 297.75482pt x 190.0854pt.

Underfull \hbox (badness 10000) has occurred while \output is active
[][]
 []


Underfull \hbox (badness 10000) has occurred while \output is active
[]
 []

[19

 <./fig/velocity_span_example.pdf>]
Overfull \hbox (9.81665pt too wide) detected at line 407
[] \OMS/cmsy/m/n/10.95 ' [] \OML/cmm/m/it/10.95 w[] \OMS/cmsy/m/n/10.95  \OML/
cmm/m/it/10.95 [] v[] D[] " b \OT1/cmr/m/n/10.95 = \OML/cmm/m/it/10.95 b \OMS
/cmsy/m/n/10.95  []
 []


Underfull \hbox (badness 10000) has occurred while \output is active
[][]
 []


Underfull \hbox (badness 10000) has occurred while \output is active
[]
 []

[20

]
Underfull \hbox (badness 10000) has occurred while \output is active
[][]
 []


Underfull \hbox (badness 10000) has occurred while \output is active
[]
 []

[21

] <fig/ngauss_example.pdf, id=203, 493.98251pt x 293.896pt>
File: fig/ngauss_example.pdf Graphic file (type pdf)

<use fig/ngauss_example.pdf>
Package pdftex.def Info: fig/ngauss_example.pdf used on input line 453.
(pdftex.def)             Requested size: 271.69122pt x 161.64328pt.

Underfull \hbox (badness 10000) has occurred while \output is active
[][]
 []


Underfull \hbox (badness 10000) has occurred while \output is active
[]
 []

[22

 <./fig/ngauss_example.pdf>]
Underfull \hbox (badness 10000) has occurred while \output is active
[][]
 []


Underfull \hbox (badness 10000) has occurred while \output is active
[]
 []

[23

] <fig/secondaryloop_fig.pdf, id=221, 531.08913pt x 321.62257pt>
File: fig/secondaryloop_fig.pdf Graphic file (type pdf)

<use fig/secondaryloop_fig.pdf>
Package pdftex.def Info: fig/secondaryloop_fig.pdf used on input line 489.
(pdftex.def)             Requested size: 318.65593pt x 192.97502pt.

Underfull \hbox (badness 10000) has occurred while \output is active
[][]
 []


Underfull \hbox (badness 10000) has occurred while \output is active
[]
 []

[24

 <./fig/secondaryloop_fig.pdf>]
Underfull \hbox (badness 10000) has occurred while \output is active
[][]
 []


Underfull \hbox (badness 10000) has occurred while \output is active
[]
 []

[25

]
Underfull \hbox (badness 10000) has occurred while \output is active
[][]
 []


Underfull \hbox (badness 10000) has occurred while \output is active
[]
 []

[26

] <fig/work_error_perc_example.pdf, id=251, 453.04958pt x 313.93185pt>
File: fig/work_error_perc_example.pdf Graphic file (type pdf)

<use fig/work_error_perc_example.pdf>
Package pdftex.def Info: fig/work_error_perc_example.pdf used on input line 528
.
(pdftex.def)             Requested size: 294.47873pt x 204.05327pt.

Underfull \hbox (badness 10000) has occurred while \output is active
[][]
 []


Underfull \hbox (badness 10000) has occurred while \output is active
[]
 []

[27

 <./fig/work_error_perc_example.pdf>]
<fig/betareal_bsuD_example.pdf, id=275, 452.4945pt x 313.92982pt>
File: fig/betareal_bsuD_example.pdf Graphic file (type pdf)

<use fig/betareal_bsuD_example.pdf>
Package pdftex.def Info: fig/betareal_bsuD_example.pdf used on input line 540.
(pdftex.def)             Requested size: 294.11794pt x 204.05196pt.

Underfull \hbox (badness 10000) has occurred while \output is active
[][]
 []


Underfull \hbox (badness 10000) has occurred while \output is active
[]
 []

[28

 <./fig/betareal_bsuD_example.pdf>]
Underfull \hbox (badness 10000) has occurred while \output is active
[][]
 []


Underfull \hbox (badness 10000) has occurred while \output is active
[]
 []

[29

] <fig/profile_losses1.pdf, id=296, 258.82095pt x 215.69885pt>
File: fig/profile_losses1.pdf Graphic file (type pdf)

<use fig/profile_losses1.pdf>
Package pdftex.def Info: fig/profile_losses1.pdf used on input line 576.
(pdftex.def)             Requested size: 153.639pt x 128.0374pt.

<fig/profile_losses2.pdf, id=297, 254.93242pt x 215.70186pt>
File: fig/profile_losses2.pdf Graphic file (type pdf)

<use fig/profile_losses2.pdf>
Package pdftex.def Info: fig/profile_losses2.pdf used on input line 576.
(pdftex.def)             Requested size: 151.33072pt x 128.0374pt.

Underfull \hbox (badness 10000) has occurred while \output is active
[][]
 []


Underfull \hbox (badness 10000) has occurred while \output is active
[]
 []

[30

 <./fig/profile_losses1.pdf> <./fig/profile_losses2.pdf>]
Overfull \vbox (4.71999pt too high) detected at line 601
 []


Underfull \hbox (badness 10000) has occurred while \output is active
[][]
 []


Underfull \hbox (badness 10000) has occurred while \output is active
[]
 []

[31

]
Underfull \hbox (badness 10000) has occurred while \output is active
[][]
 []


Underfull \hbox (badness 10000) has occurred while \output is active
[]
 []

[32

]
Underfull \hbox (badness 10000) has occurred while \output is active
[][]
 []


Underfull \hbox (badness 10000) has occurred while \output is active
[]
 []

[33

]
Underfull \hbox (badness 10000) has occurred while \output is active
[][]
 []


Underfull \hbox (badness 10000) has occurred while \output is active
[]
 []

[34

]
Underfull \hbox (badness 10000) has occurred while \output is active
[][]
 []


Underfull \hbox (badness 10000) has occurred while \output is active
[]
 []

[35

] <fig/solidity_nstages.pdf, id=362, 257.33037pt x 271.62477pt>
File: fig/solidity_nstages.pdf Graphic file (type pdf)

<use fig/solidity_nstages.pdf>
Package pdftex.def Info: fig/solidity_nstages.pdf used on input line 698.
(pdftex.def)             Requested size: 161.73811pt x 170.71652pt.

<fig/solidity_rpm.pdf, id=363, 257.33037pt x 271.6268pt>
File: fig/solidity_rpm.pdf Graphic file (type pdf)

<use fig/solidity_rpm.pdf>
Package pdftex.def Info: fig/solidity_rpm.pdf used on input line 698.
(pdftex.def)             Requested size: 161.73026pt x 170.71652pt.

Overfull \hbox (10.27466pt too wide) in paragraph at lines 698--698
 [][] 
 []


Overfull \vbox (2.3507pt too high) detected at line 698
 []


Underfull \hbox (badness 10000) has occurred while \output is active
[][]
 []


Underfull \hbox (badness 10000) has occurred while \output is active
[]
 []

[36

 <./fig/solidity_nstages.pdf> <./fig/solidity_rpm.pdf>]
<fig/solidity_chimid.pdf, id=383, 257.33037pt x 265.27104pt>
File: fig/solidity_chimid.pdf Graphic file (type pdf)

<use fig/solidity_chimid.pdf>
Package pdftex.def Info: fig/solidity_chimid.pdf used on input line 706.
(pdftex.def)             Requested size: 165.60576pt x 170.71652pt.

<fig/solidity_chordsub.pdf, id=384, 247.81282pt x 271.62578pt>
File: fig/solidity_chordsub.pdf Graphic file (type pdf)

<use fig/solidity_chordsub.pdf>
Package pdftex.def Info: fig/solidity_chordsub.pdf used on input line 706.
(pdftex.def)             Requested size: 155.74854pt x 170.71652pt.

Overfull \hbox (8.16058pt too wide) in paragraph at lines 706--706
 [][] 
 []


Overfull \vbox (2.3507pt too high) detected at line 706
 []


Underfull \hbox (badness 10000) has occurred while \output is active
[][]
 []


Underfull \hbox (badness 10000) has occurred while \output is active
[]
 []

[37

 <./fig/solidity_chimid.pdf> <./fig/solidity_chordsub.pdf>]
<fig/solidity_wrong.pdf, id=405, 481.06526pt x 214.72018pt>
File: fig/solidity_wrong.pdf Graphic file (type pdf)

<use fig/solidity_wrong.pdf>
Package pdftex.def Info: fig/solidity_wrong.pdf used on input line 756.
(pdftex.def)             Requested size: 226.10071pt x 100.91849pt.

Underfull \hbox (badness 10000) has occurred while \output is active
[][]
 []


Underfull \hbox (badness 10000) has occurred while \output is active
[]
 []

[38

 <./fig/solidity_wrong.pdf>]
<fig/ainley_loading.png, id=420, 218.0145pt x 218.7372pt>
File: fig/ainley_loading.png Graphic file (type png)

<use fig/ainley_loading.png>
Package pdftex.def Info: fig/ainley_loading.png used on input line 784.
(pdftex.def)             Requested size: 170.71652pt x 171.29185pt.

Underfull \hbox (badness 10000) has occurred while \output is active
[][]
 []


Underfull \hbox (badness 10000) has occurred while \output is active
[]
 []

[39

 <./fig/ainley_loading.png (PNG copy)>]
Underfull \hbox (badness 10000) has occurred while \output is active
[][]
 []


Underfull \hbox (badness 10000) has occurred while \output is active
[]
 []

[40

] <fig/chi_nstages.pdf, id=433, 276.90652pt x 269.68053pt>
File: fig/chi_nstages.pdf Graphic file (type pdf)

<use fig/chi_nstages.pdf>
Package pdftex.def Info: fig/chi_nstages.pdf used on input line 830.
(pdftex.def)             Requested size: 160.68617pt x 156.49014pt.
 <fig/chi_rpm.pdf, id=434, 276.90652pt x 269.66946pt>
File: fig/chi_rpm.pdf Graphic file (type pdf)

<use fig/chi_rpm.pdf>
Package pdftex.def Info: fig/chi_rpm.pdf used on input line 830.
(pdftex.def)             Requested size: 160.69461pt x 156.49014pt.

Overfull \hbox (8.18707pt too wide) in paragraph at lines 830--830
 [][] 
 []


Underfull \hbox (badness 10000) has occurred while \output is active
[][]
 []


Underfull \hbox (badness 10000) has occurred while \output is active
[]
 []

[41

 <./fig/chi_nstages.pdf> <./fig/chi_rpm.pdf>]
<fig/chi_nstages_reverse.pdf, id=454, 224.98354pt x 214.60977pt>
File: fig/chi_nstages_reverse.pdf Graphic file (type pdf)

<use fig/chi_nstages_reverse.pdf>
Package pdftex.def Info: fig/chi_nstages_reverse.pdf used on input line 842.
(pdftex.def)             Requested size: 164.06496pt x 156.49014pt.

<fig/chi_rpm_reverse.pdf, id=455, 228.88008pt x 215.82933pt>
File: fig/chi_rpm_reverse.pdf Graphic file (type pdf)

<use fig/chi_rpm_reverse.pdf>
Package pdftex.def Info: fig/chi_rpm_reverse.pdf used on input line 842.
(pdftex.def)             Requested size: 165.953pt x 156.49014pt.

Overfull \hbox (16.82425pt too wide) in paragraph at lines 842--842
 [][] 
 []


Overfull \vbox (6.78842pt too high) detected at line 842
 []


Underfull \hbox (badness 10000) has occurred while \output is active
[][]
 []


Underfull \hbox (badness 10000) has occurred while \output is active
[]
 []

[42

 <./fig/chi_nstages_reverse.pdf> <./fig/chi_rpm_reverse.pdf>]
<fig/seals_nstages.pdf, id=481, 284.38647pt x 271.18214pt>
File: fig/seals_nstages.pdf Graphic file (type pdf)

<use fig/seals_nstages.pdf>
Package pdftex.def Info: fig/seals_nstages.pdf used on input line 855.
(pdftex.def)             Requested size: 164.11543pt x 156.49014pt.

<fig/seals_nstages_reverse.pdf, id=482, 281.89214pt x 271.51538pt>
File: fig/seals_nstages_reverse.pdf Graphic file (type pdf)

<use fig/seals_nstages_reverse.pdf>
Package pdftex.def Info: fig/seals_nstages_reverse.pdf used on input line 855.
(pdftex.def)             Requested size: 162.47813pt x 156.49014pt.

Overfull \hbox (13.39986pt too wide) in paragraph at lines 855--855
 [][] 
 []


Overfull \vbox (6.78842pt too high) detected at line 855
 []


Underfull \hbox (badness 10000) has occurred while \output is active
[][]
 []


Underfull \hbox (badness 10000) has occurred while \output is active
[]
 []

[43

 <./fig/seals_nstages.pdf> <./fig/seals_nstages_reverse.pdf>]
<fig/clearance_rpm.pdf, id=509, 281.88614pt x 269.68053pt>
File: fig/clearance_rpm.pdf Graphic file (type pdf)

<use fig/clearance_rpm.pdf>
Package pdftex.def Info: fig/clearance_rpm.pdf used on input line 868.
(pdftex.def)             Requested size: 163.57579pt x 156.49014pt.

<fig/clearance_nstages.pdf, id=510, 281.88614pt x 269.68053pt>
File: fig/clearance_nstages.pdf Graphic file (type pdf)

<use fig/clearance_nstages.pdf>
Package pdftex.def Info: fig/clearance_nstages.pdf used on input line 868.
(pdftex.def)             Requested size: 163.57579pt x 156.49014pt.

Overfull \hbox (13.95787pt too wide) in paragraph at lines 868--868
 [][] 
 []


Overfull \vbox (6.78842pt too high) detected at line 868
 []


Underfull \hbox (badness 10000) has occurred while \output is active
[][]
 []


Underfull \hbox (badness 10000) has occurred while \output is active
[]
 []

[44

 <./fig/clearance_rpm.pdf> <./fig/clearance_nstages.pdf>]
<fig/n_nstages.pdf, id=548, 285.77567pt x 267.04268pt>
File: fig/n_nstages.pdf Graphic file (type pdf)
 <use fig/n_nstages.pdf>
Package pdftex.def Info: fig/n_nstages.pdf used on input line 888.
(pdftex.def)             Requested size: 159.85884pt x 149.37697pt.

<fig/n_nstages_reverse.pdf, id=549, 284.39851pt x 271.51538pt>
File: fig/n_nstages_reverse.pdf Graphic file (type pdf)

<use fig/n_nstages_reverse.pdf>
Package pdftex.def Info: fig/n_nstages_reverse.pdf used on input line 888.
(pdftex.def)             Requested size: 156.47173pt x 149.37697pt.

Overfull \hbox (3.13686pt too wide) in paragraph at lines 888--888
 [][] 
 []


Overfull \vbox (9.80388pt too high) detected at line 888
 []


Underfull \hbox (badness 10000) has occurred while \output is active
[][]
 []


Underfull \hbox (badness 10000) has occurred while \output is active
[]
 []

[45

 <./fig/n_nstages.pdf> <./fig/n_nstages_reverse.pdf>]
<fig/phi_nstages_small.pdf, id=575, 276.26411pt x 271.61374pt>
File: fig/phi_nstages_small.pdf Graphic file (type pdf)

<use fig/phi_nstages_small.pdf>
Package pdftex.def Info: fig/phi_nstages_small.pdf used on input line 910.
(pdftex.def)             Requested size: 151.93307pt x 149.37697pt.

<fig/phi_rpm_small.pdf, id=576, 276.26411pt x 271.62578pt>
File: fig/phi_rpm_small.pdf Graphic file (type pdf)

<use fig/phi_rpm_small.pdf>
Package pdftex.def Info: fig/phi_rpm_small.pdf used on input line 910.
(pdftex.def)             Requested size: 151.92464pt x 149.37697pt.

Overfull \vbox (8.1144pt too high) detected at line 910
 []


Underfull \hbox (badness 10000) has occurred while \output is active
[][]
 []


Underfull \hbox (badness 10000) has occurred while \output is active
[]
 []

[46

 <./fig/phi_nstages_small.pdf> <./fig/phi_rpm_small.pdf>]
<fig/rotor_blade.pdf, id=597, 318.8422pt x 119.46632pt>
File: fig/rotor_blade.pdf Graphic file (type pdf)

<use fig/rotor_blade.pdf>
Package pdftex.def Info: fig/rotor_blade.pdf used on input line 927.
(pdftex.def)             Requested size: 271.01714pt x 101.54684pt.

Underfull \hbox (badness 10000) has occurred while \output is active
[][]
 []


Underfull \hbox (badness 10000) has occurred while \output is active
[]
 []

[47

 <./fig/rotor_blade.pdf>]
Underfull \hbox (badness 10000) has occurred while \output is active
[][]
 []


Underfull \hbox (badness 10000) has occurred while \output is active
[]
 []

[48

]
Underfull \hbox (badness 10000) has occurred while \output is active
[][]
 []


Underfull \hbox (badness 10000) has occurred while \output is active
[]
 []

[49

]
Underfull \hbox (badness 10000) has occurred while \output is active
[][]
 []


Underfull \hbox (badness 10000) has occurred while \output is active
[]
 []

[50

]
Underfull \hbox (badness 10000) has occurred while \output is active
[][]
 []


Underfull \hbox (badness 10000) has occurred while \output is active
[]
 []

[51

]
Underfull \hbox (badness 10000) has occurred while \output is active
[][]
 []


Underfull \hbox (badness 10000) has occurred while \output is active
[]
 []

[52

] <fig/stator_losses.pdf, id=641, 276.87338pt x 265.15863pt>
File: fig/stator_losses.pdf Graphic file (type pdf)

<use fig/stator_losses.pdf>
Package pdftex.def Info: fig/stator_losses.pdf used on input line 1052.
(pdftex.def)             Requested size: 155.97748pt x 149.37697pt.

<fig/rotor_losses.pdf, id=642, 276.87338pt x 265.15863pt>
File: fig/rotor_losses.pdf Graphic file (type pdf)

<use fig/rotor_losses.pdf>
Package pdftex.def Info: fig/rotor_losses.pdf used on input line 1052.
(pdftex.def)             Requested size: 155.97748pt x 149.37697pt.

Overfull \vbox (0.83076pt too high) detected at line 1052
 []


Underfull \hbox (badness 10000) has occurred while \output is active
[][]
 []


Underfull \hbox (badness 10000) has occurred while \output is active
[]
 []

[53

 <./fig/stator_losses.pdf> <./fig/rotor_losses.pdf>]
<fig/stator_losses_span.pdf, id=656, 283.48209pt x 271.61978pt>
File: fig/stator_losses_span.pdf Graphic file (type pdf)

<use fig/stator_losses_span.pdf>
Package pdftex.def Info: fig/stator_losses_span.pdf used on input line 1065.
(pdftex.def)             Requested size: 155.90265pt x 149.37697pt.

<fig/rotor_losses_span.pdf, id=657, 283.48209pt x 271.62578pt>
File: fig/rotor_losses_span.pdf Graphic file (type pdf)

<use fig/rotor_losses_span.pdf>
Package pdftex.def Info: fig/rotor_losses_span.pdf used on input line 1065.
(pdftex.def)             Requested size: 155.894pt x 149.37697pt.

Underfull \hbox (badness 10000) has occurred while \output is active
[][]
 []


Underfull \hbox (badness 10000) has occurred while \output is active
[]
 []

[54

 <./fig/stator_losses_span.pdf> <./fig/rotor_losses_span.pdf>]
<fig/machine_ts_global.pdf, id=677, 285.98242pt x 272.487pt>
File: fig/machine_ts_global.pdf Graphic file (type pdf)

<use fig/machine_ts_global.pdf>
Package pdftex.def Info: fig/machine_ts_global.pdf used on input line 1078.
(pdftex.def)             Requested size: 156.7759pt x 149.37697pt.

<fig/machine_ts_local.pdf, id=678, 277.84904pt x 265.16064pt>
File: fig/machine_ts_local.pdf Graphic file (type pdf)

<use fig/machine_ts_local.pdf>
Package pdftex.def Info: fig/machine_ts_local.pdf used on input line 1078.
(pdftex.def)             Requested size: 156.5271pt x 149.37697pt.

Overfull \hbox (0.10928pt too wide) in paragraph at lines 1078--1078
 [][] 
 []


Overfull \vbox (3.13933pt too high) detected at line 1078
 []


Underfull \hbox (badness 10000) has occurred while \output is active
[][]
 []


Underfull \hbox (badness 10000) has occurred while \output is active
[]
 []

[55

 <./fig/machine_ts_global.pdf> <./fig/machine_ts_local.pdf>]
<fig/machine_T.pdf, id=699, 350.374pt x 271.56155pt>
File: fig/machine_T.pdf Graphic file (type pdf)
 <use fig/machine_T.pdf>
Package pdftex.def Info: fig/machine_T.pdf used on input line 1088.
(pdftex.def)             Requested size: 256.9845pt x 199.16928pt.

Overfull \vbox (4.35844pt too high) detected at line 1088
 []


Underfull \hbox (badness 10000) has occurred while \output is active
[][]
 []


Underfull \hbox (badness 10000) has occurred while \output is active
[]
 []

[56

 <./fig/machine_T.pdf>]
<fig/machine_p.pdf, id=723, 350.374pt x 271.56155pt>
File: fig/machine_p.pdf Graphic file (type pdf)
 <use fig/machine_p.pdf>
Package pdftex.def Info: fig/machine_p.pdf used on input line 1097.
(pdftex.def)             Requested size: 256.9845pt x 199.16928pt.

Overfull \vbox (4.35844pt too high) detected at line 1097
 []


Underfull \hbox (badness 10000) has occurred while \output is active
[][]
 []


Underfull \hbox (badness 10000) has occurred while \output is active
[]
 []

[57

 <./fig/machine_p.pdf>]
<fig/machine_rho.pdf, id=747, 345.37433pt x 271.56155pt>
File: fig/machine_rho.pdf Graphic file (type pdf)

<use fig/machine_rho.pdf>
Package pdftex.def Info: fig/machine_rho.pdf used on input line 1106.
(pdftex.def)             Requested size: 253.31744pt x 199.16928pt.

Overfull \vbox (4.35844pt too high) detected at line 1106
 []


Underfull \hbox (badness 10000) has occurred while \output is active
[][]
 []


Underfull \hbox (badness 10000) has occurred while \output is active
[]
 []

[58

 <./fig/machine_rho.pdf>]

pdfTeX warning: pdflatex (file ./fig/blades.pdf): PDF inclusion: found PDF vers
ion <1.6>, but at most version <1.5> allowed
<fig/blades.pdf, id=771, 367.25505pt x 294.66689pt>
File: fig/blades.pdf Graphic file (type pdf)
 <use fig/blades.pdf>
Package pdftex.def Info: fig/blades.pdf used on input line 1116.
(pdftex.def)             Requested size: 248.2395pt x 199.16928pt.

Overfull \vbox (4.35844pt too high) detected at line 1116
 []


Underfull \hbox (badness 10000) has occurred while \output is active
[][]
 []


Underfull \hbox (badness 10000) has occurred while \output is active
[]
 []

[59

 <./fig/blades.pdf>]
Underfull \hbox (badness 10000) has occurred while \output is active
[][]
 []


Underfull \hbox (badness 10000) has occurred while \output is active
[]
 []

[60

]
Underfull \hbox (badness 10000) has occurred while \output is active
[][]
 []


Underfull \hbox (badness 10000) has occurred while \output is active
[]
 []

[61

]
Underfull \hbox (badness 10000) has occurred while \output is active
[][]
 []


Underfull \hbox (badness 10000) has occurred while \output is active
[]
 []

[62

]
\tf@nav=\write6
\openout6 = `main.nav'.

\tf@toc=\write7
\openout7 = `main.toc'.

\tf@snm=\write8
\openout8 = `main.snm'.

Package atveryend Info: Empty hook `BeforeClearDocument' on input line 1408.
Package atveryend Info: Empty hook `AfterLastShipout' on input line 1408.
 (main.aux)
Package atveryend Info: Executing hook `AtVeryEndDocument' on input line 1408.
Package atveryend Info: Executing hook `AtEndAfterFileList' on input line 1408.

Package rerunfilecheck Info: File `main.out' has not changed.
(rerunfilecheck)             Checksum: D41D8CD98F00B204E9800998ECF8427E;0.


LaTeX Font Warning: Some font shapes were not available, defaults substituted.

 ) 
Here is how much of TeX's memory you used:
 31806 strings out of 493324
 626558 string characters out of 3139085
 707435 words of memory out of 3000000
 34561 multiletter control sequences out of 15000+200000
 23108 words of font info for 115 fonts, out of 3000000 for 9000
 1141 hyphenation exceptions out of 8191
 56i,15n,62p,10385b,734s stack positions out of 5000i,500n,10000p,200000b,50000s
<C:/Program Files/MiKTeX 2.9/fonts/type1/public/amsfonts/cm/cmbx10.pfb><C:/Pr
ogram Files/MiKTeX 2.9/fonts/type1/public/amsfonts/cm/cmex10.pfb><C:/Program Fi
les/MiKTeX 2.9/fonts/type1/public/amsfonts/cm/cmmi10.pfb><C:/Program Files/MiKT
eX 2.9/fonts/type1/public/amsfonts/cm/cmmi12.pfb><C:/Program Files/MiKTeX 2.9/f
onts/type1/public/amsfonts/cm/cmmi6.pfb><C:/Program Files/MiKTeX 2.9/fonts/type
1/public/amsfonts/cm/cmmi7.pfb><C:/Program Files/MiKTeX 2.9/fonts/type1/public/
amsfonts/cm/cmmi8.pfb><C:/Program Files/MiKTeX 2.9/fonts/type1/public/amsfonts/
cm/cmr10.pfb><C:/Program Files/MiKTeX 2.9/fonts/type1/public/amsfonts/cm/cmr12.
pfb><C:/Program Files/MiKTeX 2.9/fonts/type1/public/amsfonts/cm/cmr6.pfb><C:/Pr
ogram Files/MiKTeX 2.9/fonts/type1/public/amsfonts/cm/cmr7.pfb><C:/Program File
s/MiKTeX 2.9/fonts/type1/public/amsfonts/cm/cmr8.pfb><C:/Program Files/MiKTeX 2
.9/fonts/type1/public/amsfonts/cm/cmss10.pfb><C:/Program Files/MiKTeX 2.9/fonts
/type1/public/amsfonts/cm/cmss12.pfb><C:/Program Files/MiKTeX 2.9/fonts/type1/p
ublic/amsfonts/cm/cmss8.pfb><C:/Program Files/MiKTeX 2.9/fonts/type1/public/ams
fonts/cm/cmss9.pfb><C:/Program Files/MiKTeX 2.9/fonts/type1/public/amsfonts/cm/
cmssbx10.pfb><C:/Program Files/MiKTeX 2.9/fonts/type1/public/amsfonts/cm/cmssi1
0.pfb><C:/Program Files/MiKTeX 2.9/fonts/type1/public/amsfonts/cm/cmsy10.pfb><C
:/Program Files/MiKTeX 2.9/fonts/type1/public/amsfonts/cm/cmsy7.pfb><C:/Program
 Files/MiKTeX 2.9/fonts/type1/public/amsfonts/cm/cmsy8.pfb>
Output written on main.pdf (62 pages, 905406 bytes).
PDF statistics:
 884 PDF objects out of 1000 (max. 8388607)
 138 named destinations out of 1000 (max. 500000)
 33006 words of extra memory for PDF output out of 35830 (max. 10000000)

